timestamp:1506060706825;action:login_last_info;pk:null;mac:00-00-00-00-00-00;idfa:00000000-0000-0000-0000-000000000000
timestamp:1506060709761;action:js_login;pk:0300000000000001;time:250473;jsname:test001;nowagent:1000;nowchannel:1
timestamp:1506060709772;module:56;type:0;pk:0300000000000001;tili_total:400;tili:318
timestamp:1506060735264;module:12000;type:12000;pk:0300000000000001;教学记录1:-1;教学记录2:-1;教学开始:4;教学记录1:-1;教学记录2:-1;教学开始:6;教学记录1:-1;教学记录2:-1;教学开始:14;教学记录1:-1;教学记录2:-1;教学开始:108;教学记录1:-1;教学记录2:-1;教学开始:104;教学记录1:-1;教学记录2:-1;教学开始:111;教学记录1:-1;教学记录2:-1;教学开始:105;教学记录1:-1;教学记录2:-1;教学开始:112;extend:setintproperty:teamlevel-50|
timestamp:1506060741326;action:js_logout;pk:0300000000000001;time:32
timestamp:1506060745128;action:login_last_info;pk:null;mac:00-00-00-00-00-00;idfa:00000000-0000-0000-0000-000000000000
timestamp:1506060745132;action:js_login;pk:0300000000000001;time:4;jsname:test001;nowagent:1000;nowchannel:1
timestamp:1506060756362;action:vipup;pk:0300000000000001;oldvip:0;newvip:5
timestamp:1506060756362;action:cz_rmb;pk:0300000000000001;jinzuan:0;zuanshi:6480;zuanshi_total:14479;jinzuan_total:6480;crz_huobi:6480
timestamp:1506060765931;module:23;type:3303;pk:0300000000000001;mailinfo:战队等级首充礼包;attach:yinbi_2000000%%100010_80%%100059_300%%100005_200%%100008_100|logtime:2017-09-22
timestamp:1506060765932;module:23;type:3303;pk:0300000000000001;mailinfo:充值钻石成功;attach:0|logtime:2017-09-22
timestamp:1506060767063;module:23;type:3302;pk:0300000000000001;mailinfo:战队等级首充礼包;attach:yinbi_2000000%%100010_80%%100059_300%%100005_200%%100008_100|logtime:2017-09-22
timestamp:1506060767834;module:23;type:3305;pk:0300000000000001;mailinfo:战队等级首充礼包;attach:yinbi_2000000%%100010_80%%100059_300%%100005_200%%100008_100
timestamp:1506060772305;module:23;type:3306;pk:0300000000000001;mailinfo:战队等级首充礼包;attach:yinbi_2000000%%100010_80%%100059_300%%100005_200%%100008_100|logtime:2017-09-22
timestamp:1506060799452;module:69;type:4201;pk:0300000000000001;type2:3;boxType:2;wupin:100008,6|100004,6;zuanshi_total:14495;tili_total:424;tili:24;zuanshi:16
timestamp:1506060800772;module:69;type:4201;pk:0300000000000001;type2:3;boxType:1;wupin:100003,10;yinbi:20000;yinbi_total:102019999;zuanshi_total:14506;tili_total:442;tili:18;zuanshi:11
timestamp:1506060801902;module:69;type:4201;pk:0300000000000001;type2:3;boxType:0;yinbi:10000;yinbi_total:102029999;zuanshi_total:14511;tili_total:452;tili:10;zuanshi:5
timestamp:1506060803083;module:69;type:4201;pk:0300000000000001;type2:3;boxType:0;wupin:110034,10;zuanshi_total:14516;tili_total:462;tili:10;zuanshi:5
timestamp:1506060804213;module:69;type:4201;pk:0300000000000001;type2:3;boxType:0;yinbi:10000;yinbi_total:102039999;zuanshi_total:14521;tili_total:472;tili:10;zuanshi:5
timestamp:1506060847622;module:12000;type:12000;pk:0300000000000001;extend:addwupin:110001-500|;wupin:110001,500
timestamp:1506060853858;action:js_logout;pk:0300000000000001;time:108
timestamp:1506060857359;action:login_last_info;pk:null;mac:00-00-00-00-00-00;idfa:00000000-0000-0000-0000-000000000000
timestamp:1506060857363;action:js_login;pk:0300000000000001;time:4;jsname:test001;nowagent:1000;nowchannel:1
timestamp:1506060863561;module:8;type:2500;pk:0300000000000001;type2:3;wupin:110008,2|100009,5|110003,3|110002,3|110036,2|110001,6|110007,10|110006,38|100039,2;zuanshi_total:14021;zuanshi:-500
timestamp:1506060864701;module:8;type:2500;pk:0300000000000001;type2:3;wupin:100039,-2|110008,3|100008,4|100009,4|110003,2|110002,3|110001,9|110007,10|110006,37|100039,2;zuanshi_total:13541;zuanshi:-480
timestamp:1506060865141;module:8;type:2500;pk:0300000000000001;type2:3;wupin:100039,-2|110008,2|100008,6|100009,1|110003,3|110002,1|110001,5|110007,9|110006,39;zuanshi_total:13061;zuanshi:-480
timestamp:1506060865501;module:8;type:2500;pk:0300000000000001;type2:3;wupin:110008,3|100008,3|100009,2|110003,3|110002,3|110001,6|110007,11|110006,36|100039,1;zuanshi_total:12561;zuanshi:-500
timestamp:1506060865882;module:8;type:2500;pk:0300000000000001;type2:3;wupin:100039,-1|110008,2|100008,3|110003,3|110036,1|110001,2|110016,1|110007,9|110006,39;zuanshi_total:12071;zuanshi:-490
timestamp:1506060866402;module:8;type:2500;pk:0300000000000001;type2:3;wupin:110008,3|100008,3|100009,2|110003,1|110001,2|110016,1|110007,11|110006,36;zuanshi_total:11571;zuanshi:-500
timestamp:1506060866802;module:8;type:2500;pk:0300000000000001;type2:3;wupin:110008,3|100008,4|100009,4|110003,1|110002,3|110001,3|110007,9|110006,38;zuanshi_total:11071;zuanshi:-500
timestamp:1506060867182;module:8;type:2500;pk:0300000000000001;type2:3;wupin:110008,2|100008,6|100009,6|110003,3|110002,2|110001,6|110007,11|110006,37|100039,3;zuanshi_total:10571;zuanshi:-500
timestamp:1506060867572;module:8;type:2500;pk:0300000000000001;type2:3;wupin:100039,-3|110008,3|100008,3|100009,1|110003,2|110002,1|110001,4|110007,11|110006,36|100039,1;zuanshi_total:10101;zuanshi:-470
timestamp:1506060867952;module:8;type:2500;pk:0300000000000001;type2:3;wupin:100039,-1|110008,2|100008,4|100009,2|110003,4|110036,3|110001,5|110007,9|110006,39|100039,1;zuanshi_total:9611;zuanshi:-490
timestamp:1506060868332;module:8;type:2500;pk:0300000000000001;type2:3;wupin:100039,-1|110008,2|100008,3|100009,3|110003,4|110002,4|110001,10|110007,10|110016,2|110006,38;zuanshi_total:9121;zuanshi:-490
timestamp:1506060868692;module:8;type:2500;pk:0300000000000001;type2:3;wupin:110008,3|100008,3|100009,2|110003,3|110002,2|110001,7|110007,10|110006,37|100039,1;zuanshi_total:8621;zuanshi:-500
timestamp:1506060869092;module:8;type:2500;pk:0300000000000001;type2:3;wupin:100039,-1|110008,3|100008,2|100009,2|110003,4|110002,1|110001,6|110007,9|110006,38|100039,1;zuanshi_total:8131;zuanshi:-490
timestamp:1506060869472;module:8;type:2500;pk:0300000000000001;type2:3;wupin:100039,-1|110008,2|100008,2|100009,1|110003,1|110002,1|110001,3|110016,1|110007,11|110006,37|100039,1;zuanshi_total:7641;zuanshi:-490
timestamp:1506060869833;module:8;type:2500;pk:0300000000000001;type2:3;wupin:100039,-1|110008,3|100008,2|100009,2|110003,2|110036,1|110002,2|110001,3|110007,10|110006,37;zuanshi_total:7151;zuanshi:-490
timestamp:1506060870232;module:8;type:2500;pk:0300000000000001;type2:3;wupin:110008,2|100008,6|100009,3|110003,3|110036,1|110002,4|110001,2|110007,10|110006,38;zuanshi_total:6651;zuanshi:-500
timestamp:1506060870643;module:8;type:2500;pk:0300000000000001;type2:3;wupin:110008,3|100009,3|110003,1|110001,3|110016,1|110007,9|110006,38|100039,1;zuanshi_total:6151;zuanshi:-500
timestamp:1506060871052;module:8;type:2500;pk:0300000000000001;type2:3;wupin:100039,-1|110008,2|100008,3|110003,1|110036,1|110001,6|110007,11|110006,37;zuanshi_total:5661;zuanshi:-490
timestamp:1506060871492;module:8;type:2500;pk:0300000000000001;type2:3;wupin:110008,3|100008,5|100009,3|110003,2|110036,1|110002,1|110001,7|110007,11|110006,36|100039,1;zuanshi_total:5161;zuanshi:-500
timestamp:1506060871932;module:8;type:2500;pk:0300000000000001;type2:3;wupin:100039,-1|110008,2|100008,5|100009,4|110003,1|110036,1|110001,2|110007,9|110006,39|100039,1;zuanshi_total:4671;zuanshi:-490
timestamp:1506060872352;module:8;type:2500;pk:0300000000000001;type2:3;wupin:100039,-1|110008,2|100008,2|110003,2|110002,1|110001,5|110007,10|110006,38|100039,1;zuanshi_total:4181;zuanshi:-490
timestamp:1506060872792;module:8;type:2500;pk:0300000000000001;type2:3;wupin:100039,-1|110008,3|100008,6|100009,4|110003,4|110002,5|110001,4|110016,1|110007,10|110006,37;zuanshi_total:3691;zuanshi:-490
timestamp:1506060873232;module:8;type:2500;pk:0300000000000001;type2:3;wupin:110008,2|100008,2|100009,2|110003,3|110002,1|110001,6|110007,11|110006,37|100039,1;zuanshi_total:3191;zuanshi:-500
timestamp:1506060873683;module:8;type:2500;pk:0300000000000001;type2:3;wupin:100039,-1|110008,3|100008,2|100009,2|110003,2|110002,2|110001,5|110016,1|110007,9|110006,38;zuanshi_total:2701;zuanshi:-490
timestamp:1506060874083;module:8;type:2500;pk:0300000000000001;type2:3;wupin:110008,3|100008,7|100009,5|110003,3|110002,3|110036,1|110001,6|110007,11|110006,36|100039,2;zuanshi_total:2201;zuanshi:-500
timestamp:1506060874483;module:8;type:2500;pk:0300000000000001;type2:3;wupin:100039,-2|110008,2|100008,2|100009,5|110003,1|110002,1|110001,2|110007,9|110006,39;zuanshi_total:1721;zuanshi:-480
timestamp:1506060874903;module:8;type:2500;pk:0300000000000001;type2:3;wupin:110008,2|100008,3|100009,1|110003,3|110002,2|110001,6|110007,11|110016,1|110006,37|100039,1;zuanshi_total:1221;zuanshi:-500
timestamp:1506060875323;module:8;type:2500;pk:0300000000000001;type2:3;wupin:100039,-1|110008,3|100008,4|100009,2|110003,3|110002,2|110001,2|110007,9|110006,38|100039,1;zuanshi_total:731;zuanshi:-490
timestamp:1506060875743;module:8;type:2500;pk:0300000000000001;type2:3;wupin:100039,-1|110008,2|100008,3|100009,2|110003,3|110002,1|110036,2|110001,9|110016,1|110007,10|110006,38|100039,2;zuanshi_total:241;zuanshi:-490
timestamp:1506060876143;module:8;type:2500;pk:0300000000000001;type2:3;wupin:100039,-2|110008,3|100008,2|100009,2|110003,4|110002,1|110036,1|110001,7|110007,10|110006,37|100039,1;jinzuan_total:6241;zuanshi_total:0;zuanshi:-241;jinzuan:-239
timestamp:1506060876543;module:8;type:2500;pk:0300000000000001;type2:3;wupin:100039,-1|110008,3|100008,2|100009,1|110003,3|110036,1|110002,3|110001,6|110007,10|110006,37|100039,1;jinzuan_total:5751;jinzuan:-490
timestamp:1506060877003;module:8;type:2500;pk:0300000000000001;type2:3;wupin:100039,-1|110008,2|100008,3|100009,4|110003,6|110002,4|110001,13|110016,1|110007,10|110006,38|100039,1;jinzuan_total:5261;jinzuan:-490
timestamp:1506060877433;module:8;type:2500;pk:0300000000000001;type2:3;wupin:100039,-1|110008,3|100008,7|100009,1|110003,1|110001,1|110007,11|110006,36;jinzuan_total:4771;jinzuan:-490
timestamp:1506060877833;module:8;type:2500;pk:0300000000000001;type2:3;wupin:110008,2|100008,7|100009,5|110003,4|110002,1|110001,6|110007,9|110006,39;jinzuan_total:4271;jinzuan:-500
timestamp:1506060878233;module:8;type:2500;pk:0300000000000001;type2:3;wupin:110008,2|110002,2|110036,1|110001,1|110007,12|110006,36|100039,2;jinzuan_total:3771;jinzuan:-500
timestamp:1506060878633;module:8;type:2500;pk:0300000000000001;type2:3;wupin:100039,-2|110008,3|100008,1|100009,4|110003,1|110036,1|110001,4|110016,1|110007,8|110006,39|100039,1;jinzuan_total:3291;jinzuan:-480
timestamp:1506060879033;module:8;type:2500;pk:0300000000000001;type2:3;wupin:100039,-1|110008,3|100009,1|110003,3|110002,2|110036,1|110001,6|110007,8|110006,39;jinzuan_total:2801;jinzuan:-490
timestamp:1506060879393;module:8;type:2500;pk:0300000000000001;type2:3;wupin:110008,2|100008,7|100009,1|110003,6|110002,1|110001,8|110007,12|110006,36;jinzuan_total:2301;jinzuan:-500
timestamp:1506060879773;module:8;type:2500;pk:0300000000000001;type2:3;wupin:110008,2|100008,4|100009,1|110003,3|110002,3|110036,1|110001,7|110016,1|110007,10|110006,38|100039,3;jinzuan_total:1801;jinzuan:-500
timestamp:1506060880173;module:8;type:2500;pk:0300000000000001;type2:3;wupin:100039,-3|110008,3|100008,5|100009,2|110003,1|110036,1|110001,5|110016,1|110007,10|110006,37;jinzuan_total:1331;jinzuan:-470
timestamp:1506060880573;module:8;type:2500;pk:0300000000000001;type2:3;wupin:110008,3|100008,4|100009,7|110003,2|110002,3|110001,2|110007,9|110006,38|100039,2;jinzuan_total:831;jinzuan:-500
timestamp:1506060881725;action:JiaoXue;pk:0300000000000001;教学记录1:-1;教学记录2:-1;教学完成:-1
timestamp:1506060889559;action:vipup;pk:0300000000000001;oldvip:5;newvip:6
timestamp:1506060889560;action:cz_rmb;pk:0300000000000001;jinzuan:0;zuanshi:2268;zuanshi_total:2268;jinzuan_total:7311;crz_huobi:6480
timestamp:1506060893581;module:23;type:3303;pk:0300000000000001;mailinfo:充值钻石成功;attach:0|logtime:2017-09-22
timestamp:1506060894363;module:23;type:3302;pk:0300000000000001;mailinfo:充值钻石成功;attach:|logtime:2017-09-22
timestamp:1506060897663;module:8;type:2500;pk:0300000000000001;type2:3;wupin:100039,-2|110008,2|100008,1|100009,7|110003,3|110002,4|110001,5|110007,11|110006,37|100039,1;zuanshi_total:1788;zuanshi:-480
timestamp:1506060898124;module:8;type:2500;pk:0300000000000001;type2:3;wupin:100039,-1|110008,2|100008,4|110003,4|110002,1|110001,8|110007,11|110006,37|100039,1;zuanshi_total:1298;zuanshi:-490
timestamp:1506060898524;module:8;type:2500;pk:0300000000000001;type2:3;wupin:100039,-1|110008,3|100008,1|100009,3|110003,2|110002,2|110001,1|110007,9|110006,38|100039,1;zuanshi_total:808;zuanshi:-490
timestamp:1506060898924;module:8;type:2500;pk:0300000000000001;type2:3;wupin:100039,-1|110008,3|100008,2|110002,1|110036,2|110001,8|110016,1|110007,8|110006,39|100039,1;zuanshi_total:318;zuanshi:-490
timestamp:1506060899334;module:8;type:2500;pk:0300000000000001;type2:3;wupin:100039,-1|110008,2|100008,3|100009,1|110003,2|110002,2|110036,1|110001,5|110007,12|110006,36|100039,1;jinzuan_total:7139;zuanshi_total:0;zuanshi:-318;jinzuan:-172
timestamp:1506060899694;module:8;type:2500;pk:0300000000000001;type2:3;wupin:100039,-1|110008,2|100008,3|100009,4|110003,1|110001,4|110016,1|110007,11|110006,37;jinzuan_total:6649;jinzuan:-490
timestamp:1506060900001;action:online;pk:null;serid:3000;num:1
timestamp:1506060900714;action:JiaoXue;pk:0300000000000001;教学记录1:-1;教学记录2:-1;教学完成:-1
timestamp:1506060908313;module:17;type:1203;pk:0300000000000001;wupin:110007,-471|240013,55|240010,55|240017,61|240011,56|240015,61|240014,73|240012,50|240016,60
timestamp:1506060912263;module:17;type:1203;pk:0300000000000001;wupin:110006,-1762|240007,228|240006,229|240004,205|240001,205|240005,277|240008,230|240002,205|240003,183
timestamp:1506060916351;module:17;type:1203;pk:0300000000000001;wupin:110008,-117|240025,17|240023,18|240019,15|240022,14|240024,15|240020,13|240026,13|240021,12
timestamp:1506060918611;action:JiaoXue;pk:0300000000000001;教学记录1:-1;教学记录2:-1;教学完成:-1
timestamp:1506060926454;module:32;type:2603;pk:0300000000000001;wupin:240010,102|240001,-204
timestamp:1506060928994;module:32;type:2603;pk:0300000000000001;wupin:240019,78|240010,-156
timestamp:1506060933525;module:32;type:2603;pk:0300000000000001;wupin:240028,46|240019,-92
timestamp:1506060940557;module:32;type:2603;pk:0300000000000001;wupin:240011,102|240002,-204
timestamp:1506060942907;module:32;type:2603;pk:0300000000000001;wupin:240020,79|240011,-158
timestamp:1506060945317;module:32;type:2603;pk:0300000000000001;wupin:240029,46|240020,-92
timestamp:1506060948137;action:JiaoXue;pk:0300000000000001;教学记录1:-1;教学记录2:-1;教学完成:-1
timestamp:1506060983485;module:17;type:1203;pk:0300000000000001;wupin:110001,-19;yinbi:95000;yinbi_total:102134999
timestamp:1506061009836;module:17;type:1203;pk:0300000000000001;wupin:110001,-20;yinbi:100000;yinbi_total:102234999
timestamp:1506061030360;module:17;type:1203;pk:0300000000000001;wupin:110003,-2;yinbi:100000;yinbi_total:102334999
timestamp:1506061039822;module:17;type:1203;pk:0300000000000001;wupin:110003,-3;yinbi:150000;yinbi_total:102484999
timestamp:1506061042132;action:JiaoXue;pk:0300000000000001;教学记录1:-1;教学记录2:-1;教学完成:-1
timestamp:1506061052638;action:js_logout;pk:0300000000000001;time:195
timestamp:1506061065140;action:login_last_info;pk:null;mac:00-00-00-00-00-00;idfa:00000000-0000-0000-0000-000000000000
timestamp:1506061065172;action:zh_create;pk:null;uid:0e94339d-e8e4-4340-bafb-9cbc9f2cb9f3;agent:1000;zhanghao:test004;server:3000;idfa:00000000-0000-0000-0000-000000000000;mac:00-00-00-00-00-00;channel:1;ip:192.168.1.48
timestamp:1506061073301;action:js_create;pk:0300000003000001;zhanghao:0e94339d-e8e4-4340-bafb-9cbc9f2cb9f3;mingchen:test004;zhiye:1
timestamp:1506061073323;action:js_login;pk:0300000003000001;time:1506061073;jsname:test004;nowagent:1000;nowchannel:1
timestamp:1506061073746;action:JiaoXue;pk:0300000003000001;教学记录1:8;教学记录2:0;教学完成:1
timestamp:1506061073869;action:JiaoXue;pk:0300000003000001;教学记录1:40;教学记录2:0;教学完成:2
timestamp:1506061073870;action:JiaoXue;pk:0300000003000001;教学记录1:104;教学记录2:0;教学开始:3
timestamp:1506061074166;action:JiaoXue;pk:0300000003000001;教学记录1:-1;教学记录2:-1;教学完成:-1
timestamp:1506061146199;module:12000;type:12000;pk:0300000003000001;教学记录1:-1;教学记录2:-1;教学开始:4;教学记录1:-1;教学记录2:-1;教学开始:6;教学记录1:-1;教学记录2:-1;教学开始:14;教学记录1:-1;教学记录2:-1;教学开始:108;教学记录1:-1;教学记录2:-1;教学开始:104;教学记录1:-1;教学记录2:-1;教学开始:111;教学记录1:-1;教学记录2:-1;教学开始:105;教学记录1:-1;教学记录2:-1;教学开始:112;extend:setintproperty:teamlevel-50|
timestamp:1506061188363;module:12000;type:12000;pk:0300000003000001;extend:addwupin:110001-500|;wupin:110001,500
timestamp:1506061194675;action:js_logout;pk:0300000003000001;time:121
timestamp:1506061197477;action:login_last_info;pk:null;mac:00-00-00-00-00-00;idfa:00000000-0000-0000-0000-000000000000
timestamp:1506061197481;action:js_login;pk:0300000003000001;time:3;jsname:test004;nowagent:1000;nowchannel:1
timestamp:1506061207072;action:vipup;pk:0300000003000001;oldvip:0;newvip:5
timestamp:1506061207072;action:cz_rmb;pk:0300000003000001;jinzuan:0;zuanshi:6480;zuanshi_total:6480;jinzuan_total:6480;crz_huobi:6480
timestamp:1506061209505;module:23;type:3303;pk:0300000003000001;mailinfo:战队等级首充礼包;attach:yinbi_2000000%%100010_80%%100059_300%%100005_200%%100008_100|logtime:2017-09-22
timestamp:1506061209505;module:23;type:3303;pk:0300000003000001;mailinfo:充值钻石成功;attach:0|logtime:2017-09-22
timestamp:1506061210724;module:23;type:3309;pk:0300000003000001;mailinfo:战队等级首充礼包;attach:yinbi_2000000%%100010_80%%100059_300%%100005_200%%100008_100
timestamp:1506061212006;module:56;type:1;pk:0300000003000001;tili_total:81;tili:1
timestamp:1506061217435;module:23;type:3306;pk:0300000003000001;mailinfo:战队等级首充礼包;attach:yinbi_2000000%%100010_80%%100059_300%%100005_200%%100008_100|logtime:2017-09-22
timestamp:1506061225912;module:20;type:2103;pk:0300000003000001;type2:50;wupin:340014,u10000006|340007,u10000007|340012,u10000008|340002,u10000009|340010,u10000010|340007,u10000011|340008,u10000012|340030,u10000013|340008,u10000014|340012,u10000015|340016,u10000016|340035,u10000017|340018,u10000018;kadai_exp1_total:29;kadai_exp1:29;yinbi:-178000;kadai_exp3:3;yinbi_total:1842000;kadai_exp2:5;kadai_exp3_total:3;kadai_exp2_total:5
timestamp:1506061226871;module:20;type:2103;pk:0300000003000001;type2:50;wupin:340017,u10000019|340013,u10000020|340005,u10000021|340001,u10000022|340023,u10000023|340002,u10000024|340011,u10000025|340014,u10000026|340023,u10000027|340006,u10000028|100027,1|340005,u10000029;kadai_exp1_total:64;kadai_exp1:35;yinbi:-167000;yinbi_total:1675000;kadai_exp2:3;kadai_exp2_total:8
timestamp:1506061227431;module:20;type:2103;pk:0300000003000001;type2:50;wupin:340010,u10000030|340008,u10000031|340072,u10000032|340019,u10000033|340006,u10000034|340015,u10000035|340011,u10000036|340023,u10000037|340010,u10000038|340011,u10000039|340008,u10000040|340021,u10000041|340007,u10000042|340016,u10000043|340006,u10000044|340011,u10000045;kadai_exp1_total:92;kadai_exp1:28;yinbi:-174000;kadai_exp3:1;yinbi_total:1501000;kadai_exp2:5;kadai_exp3_total:4;kadai_exp2_total:13
timestamp:1506061228012;module:20;type:2103;pk:0300000003000001;type2:50;wupin:340009,u10000046|340008,u10000047|340048,u10000048|340019,u10000049|340015,u10000050|340004,u10000051|340010,u10000052|340020,u10000053|340024,u10000054|340011,u10000055|340019,u10000056|340012,u10000057|340024,u10000058|340023,u10000059;kadai_exp1_total:122;kadai_exp1:30;yinbi:-172000;kadai_exp3:2;yinbi_total:1329000;kadai_exp2:4;kadai_exp3_total:6;kadai_exp2_total:17
timestamp:1506061228412;module:20;type:2103;pk:0300000003000001;type2:50;wupin:340007,u10000060|340001,u10000061|340003,u10000062|340005,u10000063|340001,u10000064|340008,u10000065|340009,u10000066|340009,u10000067|340001,u10000068|340005,u10000069|340021,u10000070|340019,u10000071|340016,u10000072;kadai_exp1_total:151;kadai_exp1:29;yinbi:-171000;kadai_exp3:2;yinbi_total:1158000;kadai_exp2:6;kadai_exp3_total:8;kadai_exp2_total:23
timestamp:1506061228752;module:20;type:2103;pk:0300000003000001;type2:50;wupin:340009,u10000073|340020,u10000074|340002,u10000075|340007,u10000076|340001,u10000077|340015,u10000078|340007,u10000079|340007,u10000080|100027,1|340001,u10000081|340002,u10000082|340014,u10000083|340014,u10000084|340004,u10000085|340015,u10000086;kadai_exp1_total:176;kadai_exp1:25;yinbi:-180000;kadai_exp3:4;yinbi_total:978000;kadai_exp2:6;kadai_exp3_total:12;kadai_exp2_total:29
timestamp:1506061229132;module:20;type:2103;pk:0300000003000001;type2:50;wupin:340027,u10000087|340023,u10000088|340006,u10000089|340009,u10000090|340008,u10000091|340015,u10000092|340005,u10000093|340009,u10000094|340001,u10000095|340002,u10000096|340004,u10000097|340019,u10000098|340024,u10000099|340009,u10000100|340008,u10000101|340015,u10000102;kadai_exp1_total:205;kadai_exp1:29;yinbi:-168000;yinbi_total:810000;kadai_exp2:5;kadai_exp2_total:34
timestamp:1506061229672;module:20;type:2103;pk:0300000003000001;type2:50;wupin:340028,u10000103|340002,u10000104|340011,u10000105|340028,u10000106|340005,u10000107|340012,u10000108|340006,u10000109|340019,u10000110|340006,u10000111|340004,u10000112|340009,u10000113;kadai_exp1_total:234;kadai_exp1:29;yinbi:-185000;kadai_exp3:5;yinbi_total:625000;kadai_exp2:5;kadai_exp3_total:17;kadai_exp2_total:39
timestamp:1506061230052;module:20;type:2103;pk:0300000003000001;type2:50;wupin:340022,u10000114|340007,u10000115|340006,u10000116|340001,u10000117|340018,u10000118|340009,u10000119|340020,u10000120|340010,u10000121|340022,u10000122|340005,u10000123|340019,u10000124|340002,u10000125|340013,u10000126|340005,u10000127|340005,u10000128|340005,u10000129|340008,u10000130|340017,u10000131;kadai_exp1_total:261;kadai_exp1:27;yinbi:-169000;kadai_exp3:1;yinbi_total:456000;kadai_exp2:4;kadai_exp3_total:18;kadai_exp2_total:43
timestamp:1506061230432;module:20;type:2103;pk:0300000003000001;type2:50;wupin:340021,u10000132|340001,u10000133|340015,u10000134|340011,u10000135|340021,u10000136|340008,u10000137|340003,u10000138|340078,u10000139|340011,u10000140|340024,u10000141|340004,u10000142|340014,u10000143|340008,u10000144;kadai_exp1_total:289;kadai_exp1:28;yinbi:-176000;kadai_exp3:3;yinbi_total:280000;kadai_exp2:6;kadai_exp3_total:21;kadai_exp2_total:49
timestamp:1506061230812;module:20;type:2103;pk:0300000003000001;type2:50;wupin:340002,u10000145|340033,u10000146|340002,u10000147|340022,u10000148|340016,u10000149|340023,u10000150|340005,u10000151|340011,u10000152|340012,u10000153;kadai_exp1_total:325;kadai_exp1:36;yinbi:-167000;yinbi_total:113000;kadai_exp2:5;kadai_exp2_total:54
timestamp:1506061231201;module:20;type:2103;pk:0300000003000001;type2:50;wupin:340006,u10000154|340010,u10000155|340033,u10000156|340011,u10000157|340004,u10000158|340017,u10000159|340021,u10000160|340001,u10000161|340021,u10000162|340009,u10000163|340009,u10000164|340001,u10000165|340008,u10000166|340002,u10000167|340020,u10000168|340019,u10000169|340012,u10000170|340025,u10000171;kadai_exp1_total:336;kadai_exp1:11;yinbi:-111000;yinbi_total:2000;kadai_exp2:3;kadai_exp2_total:57
timestamp:1506061233862;action:JiaoXue;pk:0300000003000001;教学记录1:-1;教学记录2:-1;教学完成:-1
timestamp:1506061240962;module:8;type:2500;pk:0300000003000001;type2:3;wupin:110008,3|100008,2|100009,5|110003,3|110002,2|110001,4|110007,10|110006,37|100039,2;zuanshi_total:5980;zuanshi:-500
timestamp:1506061241673;module:8;type:2500;pk:0300000003000001;type2:3;wupin:100039,-2|110008,2|100008,4|100009,4|110003,5|110002,1|110001,5|110007,10|110006,38|100039,1;zuanshi_total:5500;zuanshi:-480
timestamp:1506061242083;module:8;type:2500;pk:0300000003000001;type2:3;wupin:100039,-1|110008,2|100008,5|100009,1|110003,2|110036,1|110002,3|110001,4|110016,1|110007,11|110006,37;zuanshi_total:5010;zuanshi:-490
timestamp:1506061242483;module:8;type:2500;pk:0300000003000001;type2:3;wupin:110008,3|100008,6|100009,3|110003,1|110002,1|110036,1|110001,8|110007,9|110006,38;zuanshi_total:4510;zuanshi:-500
timestamp:1506061242843;module:8;type:2500;pk:0300000003000001;type2:3;wupin:110008,3|100008,3|100009,1|110003,4|110002,2|110001,5|110016,1|110007,10|110006,37|100039,1;zuanshi_total:4010;zuanshi:-500
timestamp:1506061243243;module:8;type:2500;pk:0300000003000001;type2:3;wupin:100039,-1|110008,2|100008,3|100009,3|110003,1|110036,1|110002,1|110001,10|110016,1|110007,10|110006,38|100039,1;zuanshi_total:3520;zuanshi:-490
timestamp:1506061243603;module:8;type:2500;pk:0300000003000001;type2:3;wupin:100039,-1|110008,2|100008,1|110036,1|110002,4|110001,1|110016,1|110007,12|110006,36;zuanshi_total:3030;zuanshi:-490
timestamp:1506061244033;module:8;type:2500;pk:0300000003000001;type2:3;wupin:110008,3|100008,1|100009,3|110003,2|110002,2|110001,4|110007,8|110006,39|100039,2;zuanshi_total:2530;zuanshi:-500
timestamp:1506061244414;module:8;type:2500;pk:0300000003000001;type2:3;wupin:100039,-2|110008,2|100008,4|100009,5|110003,5|110036,1|110007,12|110006,36;zuanshi_total:2050;zuanshi:-480
timestamp:1506061244804;module:8;type:2500;pk:0300000003000001;type2:3;wupin:110008,3|100008,6|100009,1|110003,3|110036,1|110002,2|110001,9|110007,8|110006,39|100039,1;zuanshi_total:1550;zuanshi:-500
timestamp:1506061245174;module:8;type:2500;pk:0300000003000001;type2:3;wupin:100039,-1|110008,2|100008,4|100009,4|110003,4|110002,2|110001,9|110007,10|110006,38|100039,1;zuanshi_total:1060;zuanshi:-490
timestamp:1506061245554;module:8;type:2500;pk:0300000003000001;type2:3;wupin:100039,-1|110008,3|100008,3|100009,4|110003,2|110036,1|110001,10|110007,10|110006,37|100039,2;zuanshi_total:570;zuanshi:-490
timestamp:1506061245934;module:8;type:2500;pk:0300000003000001;type2:3;wupin:100039,-2|110008,3|100008,3|110003,3|110002,3|110001,4|110016,1|110007,9|110006,38|100039,2;zuanshi_total:90;zuanshi:-480
timestamp:1506061246495;module:8;type:2500;pk:0300000003000001;type2:3;wupin:100039,-2|110008,2|100008,1|100009,3|110003,2|110002,1|110001,4|110007,11|110006,37|100039,1;jinzuan_total:6090;zuanshi_total:0;zuanshi:-90;jinzuan:-390
timestamp:1506061246875;module:8;type:2500;pk:0300000003000001;type2:3;wupin:100039,-1|110008,2|100008,7|100009,2|110003,4|110002,2|110001,5|110007,11|110006,37|100039,1;jinzuan_total:5600;jinzuan:-490
timestamp:1506061247275;module:8;type:2500;pk:0300000003000001;type2:3;wupin:100039,-1|110008,3|100008,1|100009,4|110003,3|110036,1|110001,4|110016,1|110007,9|110006,38;jinzuan_total:5110;jinzuan:-490
timestamp:1506061247635;module:8;type:2500;pk:0300000003000001;type2:3;wupin:110008,3|100008,3|100009,1|110002,4|110001,1|110007,9|110006,38;jinzuan_total:4610;jinzuan:-500
timestamp:1506061247995;module:8;type:2500;pk:0300000003000001;type2:3;wupin:110008,2|100008,6|100009,2|110003,1|110002,3|110036,1|110001,5|110007,11|110006,37|100039,1;jinzuan_total:4110;jinzuan:-500
timestamp:1506061248395;module:8;type:2500;pk:0300000003000001;type2:3;wupin:100039,-1|110008,3|100008,3|100009,3|110003,6|110002,3|110001,5|110016,1|110007,10|110006,37;jinzuan_total:3620;jinzuan:-490
timestamp:1506061248755;module:8;type:2500;pk:0300000003000001;type2:3;wupin:110008,2|100008,4|100009,2|110003,3|110002,1|110036,1|110001,9|110007,10|110006,38|100039,2;jinzuan_total:3120;jinzuan:-500
timestamp:1506061249145;module:8;type:2500;pk:0300000003000001;type2:3;wupin:100039,-2|110008,3|100008,4|100009,3|110003,5|110036,1|110002,2|110001,8|110016,1|110007,9|110006,38|100039,2;jinzuan_total:2640;jinzuan:-480
timestamp:1506061249525;module:8;type:2500;pk:0300000003000001;type2:3;wupin:100039,-2|110008,2|100008,4|100009,4|110003,1|110036,1|110002,1|110001,3|110007,11|110006,37;jinzuan_total:2160;jinzuan:-480
timestamp:1506061249916;module:8;type:2500;pk:0300000003000001;type2:3;wupin:110008,2|100008,2|100009,4|110003,1|110001,9|110007,11|110006,37;jinzuan_total:1660;jinzuan:-500
timestamp:1506061250295;module:8;type:2500;pk:0300000003000001;type2:3;wupin:110008,3|100008,5|100009,1|110003,3|110036,1|110002,2|110001,5|110016,1|110007,9|110006,38;jinzuan_total:1160;jinzuan:-500
timestamp:1506061250715;module:8;type:2500;pk:0300000003000001;type2:3;wupin:110008,3|100008,3|100009,3|110003,1|110036,1|110002,3|110001,7|110016,1|110007,11|110006,36|100039,1;jinzuan_total:660;jinzuan:-500
timestamp:1506061251926;action:JiaoXue;pk:0300000003000001;教学记录1:-1;教学记录2:-1;教学完成:-1
timestamp:1506061256787;action:vipup;pk:0300000003000001;oldvip:5;newvip:6
timestamp:1506061256787;action:cz_rmb;pk:0300000003000001;jinzuan:0;zuanshi:2268;zuanshi_total:2268;jinzuan_total:7140;crz_huobi:6480
timestamp:1506061259017;module:23;type:3303;pk:0300000003000001;mailinfo:充值钻石成功;attach:0|logtime:2017-09-22
timestamp:1506061265669;module:8;type:2500;pk:0300000003000001;type2:3;wupin:100039,-1|110008,2|100008,4|100009,4|110003,1|110002,1|110001,4|110007,9|110006,39;zuanshi_total:1778;zuanshi:-490
timestamp:1506061266289;module:8;type:2500;pk:0300000003000001;type2:3;wupin:110008,2|100008,2|100009,1|110003,3|110036,1|110002,1|110001,2|110007,11|110006,37|100039,2;zuanshi_total:1278;zuanshi:-500
timestamp:1506061266669;module:8;type:2500;pk:0300000003000001;type2:3;wupin:100039,-2|110008,3|100008,2|100009,2|110003,3|110002,1|110001,3|110007,9|110006,38|100039,1;zuanshi_total:798;zuanshi:-480
timestamp:1506061267049;module:8;type:2500;pk:0300000003000001;type2:3;wupin:100039,-1|110008,3|100008,4|100009,2|110003,2|110002,2|110001,3|110007,11|110006,36;zuanshi_total:308;zuanshi:-490
timestamp:1506061267429;module:8;type:2500;pk:0300000003000001;type2:3;wupin:110008,2|100008,4|100009,1|110003,3|110002,1|110001,5|110016,1|110007,9|110006,39|100039,2;jinzuan_total:6948;zuanshi_total:0;zuanshi:-308;jinzuan:-192
timestamp:1506061267809;module:8;type:2500;pk:0300000003000001;type2:3;wupin:100039,-2|110008,2|100008,4|100009,3|110003,2|110036,2|110002,2|110001,6|110007,11|110006,37|100039,1;jinzuan_total:6468;jinzuan:-480
timestamp:1506061268189;module:8;type:2500;pk:0300000003000001;type2:3;wupin:100039,-1|110008,3|100008,4|100009,3|110003,2|110036,1|110002,3|110001,6|110007,9|110006,38|100039,1;jinzuan_total:5978;jinzuan:-490
timestamp:1506061268589;module:8;type:2500;pk:0300000003000001;type2:3;wupin:100039,-1|110008,2|100008,4|100009,3|110003,3|110001,6|110007,10|110006,38;jinzuan_total:5488;jinzuan:-490
timestamp:1506061268949;module:8;type:2500;pk:0300000003000001;type2:3;wupin:110008,3|100008,3|100009,4|110003,3|110002,3|110001,4|110007,10|110006,37|100039,1;jinzuan_total:4988;jinzuan:-500
timestamp:1506061269324;module:8;type:2500;pk:0300000003000001;type2:3;wupin:100039,-1|110008,2|100008,2|100009,2|110003,5|110002,1|110001,7|110016,1|110007,10|110006,38|100039,1;jinzuan_total:4498;jinzuan:-490
timestamp:1506061269714;module:8;type:2500;pk:0300000003000001;type2:3;wupin:100039,-1|110008,3|100008,3|100009,1|110003,2|110002,2|110001,3|110007,10|110006,37|100039,1;jinzuan_total:4008;jinzuan:-490
timestamp:1506061270114;module:8;type:2500;pk:0300000003000001;type2:3;wupin:100039,-1|110008,2|100008,5|100009,3|110003,1|110002,3|110001,7|110007,10|110006,38|100039,3;jinzuan_total:3518;jinzuan:-490
timestamp:1506061270515;module:8;type:2500;pk:0300000003000001;type2:3;wupin:100039,-3|110008,3|100008,2|100009,1|110003,4|110002,1|110001,3|110007,10|110006,37|100039,1;jinzuan_total:3048;jinzuan:-470
timestamp:1506061270914;module:8;type:2500;pk:0300000003000001;type2:3;wupin:100039,-1|110008,3|100008,2|100009,3|110003,1|110001,5|110007,10|110006,37;jinzuan_total:2558;jinzuan:-490
timestamp:1506061271275;module:8;type:2500;pk:0300000003000001;type2:3;wupin:110008,2|100008,4|100009,5|110003,2|110002,1|110036,1|110001,6|110016,1|110007,10|110006,38;jinzuan_total:2058;jinzuan:-500
timestamp:1506061271665;module:8;type:2500;pk:0300000003000001;type2:3;wupin:110008,3|100008,8|100009,1|110003,5|110002,4|110036,2|110001,4|110016,1|110007,10|110006,37;jinzuan_total:1558;jinzuan:-500
timestamp:1506061272055;module:8;type:2500;pk:0300000003000001;type2:3;wupin:110008,2|100008,3|100009,3|110003,2|110036,2|110002,3|110001,11|110007,10|110006,38|100039,1;jinzuan_total:1058;jinzuan:-500
timestamp:1506061272445;module:8;type:2500;pk:0300000003000001;type2:3;wupin:100039,-1|110008,3|100008,4|110003,4|110002,1|110001,4|110007,10|110006,37;jinzuan_total:568;jinzuan:-490
timestamp:1506061272835;module:8;type:2500;pk:0300000003000001;type2:3;wupin:110008,2|100008,2|100009,1|110003,1|110001,3|110007,10|110006,38|100039,2;jinzuan_total:68;jinzuan:-500
timestamp:1506061275176;action:JiaoXue;pk:0300000003000001;教学记录1:-1;教学记录2:-1;教学完成:-1
timestamp:1506061299070;module:55;type:11301;pk:0300000003000001;curr_teamexp:100;curr_teamlevel:50;curr_teamexpadded:100
timestamp:1506061299590;module:55;type:11301;pk:0300000003000001;curr_teamexp:500;curr_teamlevel:50;curr_teamexpadded:400
timestamp:1506061300190;module:55;type:11301;pk:0300000003000001;curr_teamexp:1500;curr_teamlevel:50;curr_teamexpadded:1000
timestamp:1506061301290;action:JiaoXue;pk:0300000003000001;教学记录1:-1;教学记录2:-1;教学完成:-1
timestamp:1506061326136;module:17;type:1203;pk:0300000003000001;wupin:110001,-19;yinbi:95000;yinbi_total:97000
timestamp:1506061336849;module:17;type:1203;pk:0300000003000001;wupin:110002,-4;yinbi:80000;yinbi_total:177000
timestamp:1506061348962;module:17;type:1203;pk:0300000003000001;wupin:110003,-2;yinbi:100000;yinbi_total:277000
timestamp:1506061360665;module:17;type:1203;pk:0300000003000001;wupin:110001,-711;yinbi:3555000;yinbi_total:3832000
timestamp:1506061366566;action:JiaoXue;pk:0300000003000001;教学记录1:-1;教学记录2:-1;教学完成:-1
timestamp:1506061371057;module:17;type:1203;pk:0300000003000001;wupin:110006,-1650|240003,164|240008,216|240002,191|240006,217|240005,264|240001,191|240007,217|240004,190
timestamp:1506061374988;action:JiaoXue;pk:0300000003000001;教学记录1:-1;教学记录2:-1;教学完成:-1
timestamp:1506061405165;module:32;type:2603;pk:0300000003000001;wupin:240010,95|240001,-190
timestamp:1506061420799;module:32;type:2603;pk:0300000003000001;wupin:240011,95|240002,-190
timestamp:1506061426510;module:32;type:2603;pk:0300000003000001;wupin:240019,47|240010,-94
timestamp:1506061429582;module:32;type:2603;pk:0300000003000001;wupin:240028,23|240019,-46
timestamp:1506061432342;action:JiaoXue;pk:0300000003000001;教学记录1:-1;教学记录2:-1;教学完成:-1
timestamp:1506061455347;module:12000;type:12000;pk:0300000003000001;extend:setintproperty:jinzuan-500000|
timestamp:1506061459338;action:js_logout;pk:0300000003000001;time:262
timestamp:1506061462042;action:login_last_info;pk:null;mac:00-00-00-00-00-00;idfa:00000000-0000-0000-0000-000000000000
timestamp:1506061462045;action:js_login;pk:0300000003000001;time:3;jsname:test004;nowagent:1000;nowchannel:1
timestamp:1506061470566;module:8;type:2500;pk:0300000003000001;type2:3;wupin:100039,-2|110008,2|100008,1|100009,5|110003,4|110002,2|110001,5|110007,9|110006,39|100039,1;jinzuan_total:499520;jinzuan:-480
timestamp:1506061471066;module:8;type:2500;pk:0300000003000001;type2:3;wupin:100039,-1|110008,3|100008,3|100009,5|110002,2|110001,3|110007,11|110006,36|100039,1;jinzuan_total:499030;jinzuan:-490
timestamp:1506061471507;module:8;type:2500;pk:0300000003000001;type2:3;wupin:100039,-1|110008,3|100008,2|100009,1|110003,4|110036,1|110002,2|110001,3|110007,10|110016,2|110006,37;jinzuan_total:498540;jinzuan:-490
timestamp:1506061471867;module:8;type:2500;pk:0300000003000001;type2:3;wupin:110008,2|100008,4|100009,2|110003,3|110001,6|110007,10|110006,38|100039,2;jinzuan_total:498040;jinzuan:-500
timestamp:1506061472238;module:8;type:2500;pk:0300000003000001;type2:3;wupin:100039,-2|110008,3|100008,5|100009,3|110003,2|110002,4|110001,3|110016,1|110007,9|110006,38|100039,1;jinzuan_total:497560;jinzuan:-480
timestamp:1506061472618;module:8;type:2500;pk:0300000003000001;type2:3;wupin:100039,-1|110008,2|100008,2|100009,3|110003,2|110002,2|110001,4|110007,11|110006,37|100039,1;jinzuan_total:497070;jinzuan:-490
timestamp:1506061473018;module:8;type:2500;pk:0300000003000001;type2:3;wupin:100039,-1|110008,3|100008,5|100009,2|110003,4|110002,1|110036,2|110001,7|110007,10|110006,37;jinzuan_total:496580;jinzuan:-490
timestamp:1506061473378;module:8;type:2500;pk:0300000003000001;type2:3;wupin:110008,2|100008,3|100009,2|110003,1|110002,2|110001,5|110016,1|110007,10|110006,38|100039,1;jinzuan_total:496080;jinzuan:-500
timestamp:1506061473758;module:8;type:2500;pk:0300000003000001;type2:3;wupin:100039,-1|110008,2|100008,2|100009,4|110003,2|110002,1|110036,1|110001,9|110007,9|110006,39;jinzuan_total:495590;jinzuan:-490
timestamp:1506061474178;module:8;type:2500;pk:0300000003000001;type2:3;wupin:110008,3|100008,3|100009,2|110003,3|110001,7|110016,1|110007,11|110006,36|100039,1;jinzuan_total:495090;jinzuan:-500
timestamp:1506061474538;module:8;type:2500;pk:0300000003000001;type2:3;wupin:100039,-1|110008,2|100008,1|100009,2|110003,1|110036,1|110002,2|110001,2|110007,9|110006,39|100039,1;jinzuan_total:494600;jinzuan:-490
timestamp:1506061474938;module:8;type:2500;pk:0300000003000001;type2:3;wupin:100039,-1|110008,3|100008,4|100009,2|110003,1|110002,2|110001,5|110007,11|110006,36;jinzuan_total:494110;jinzuan:-490
timestamp:1506061475318;module:8;type:2500;pk:0300000003000001;type2:3;wupin:110008,2|100008,1|100009,4|110003,3|110002,2|110036,1|110001,2|110016,1|110007,9|110006,39;jinzuan_total:493610;jinzuan:-500
timestamp:1506061475698;module:8;type:2500;pk:0300000003000001;type2:3;wupin:110008,3|100008,4|100009,3|110003,3|110002,2|110036,1|110001,5|110007,11|110006,36|100039,2;jinzuan_total:493110;jinzuan:-500
timestamp:1506061476078;module:8;type:2500;pk:0300000003000001;type2:3;wupin:100039,-2|110008,2|100008,6|100009,1|110003,3|110002,1|110001,3|110007,10|110006,38|100039,1;jinzuan_total:492630;jinzuan:-480
timestamp:1506061476478;module:8;type:2500;pk:0300000003000001;type2:3;wupin:100039,-1|110008,3|100008,1|100009,2|110003,2|110002,1|110001,6|110007,10|110006,37|100039,2;jinzuan_total:492140;jinzuan:-490
timestamp:1506061476878;module:8;type:2500;pk:0300000003000001;type2:3;wupin:100039,-2|110008,3|100008,4|100009,4|110003,3|110002,2|110001,4|110007,12|110006,35|100039,1;jinzuan_total:491660;jinzuan:-480
timestamp:1506061477298;module:8;type:2500;pk:0300000003000001;type2:3;wupin:100039,-1|110008,2|100008,7|100009,4|110003,4|110002,4|110001,6|110007,8|110016,1|110006,40|100039,1;jinzuan_total:491170;jinzuan:-490
timestamp:1506061477678;module:8;type:2500;pk:0300000003000001;type2:3;wupin:100039,-1|110008,3|100008,3|100009,2|110003,1|110002,1|110036,2|110001,6|110016,1|110007,12|110006,35|100039,1;jinzuan_total:490680;jinzuan:-490
timestamp:1506061478058;module:8;type:2500;pk:0300000003000001;type2:3;wupin:100039,-1|110008,2|100008,3|100009,2|110003,3|110002,1|110036,1|110001,7|110007,8|110006,40;jinzuan_total:490190;jinzuan:-490
timestamp:1506061478458;module:8;type:2500;pk:0300000003000001;type2:3;wupin:110008,2|100008,2|100009,1|110003,3|110002,1|110001,3|110007,11|110006,37|100039,1;jinzuan_total:489690;jinzuan:-500
timestamp:1506061478869;module:8;type:2500;pk:0300000003000001;type2:3;wupin:100039,-1|110008,3|100008,6|100009,1|110003,3|110002,4|110001,5|110007,9|110006,38|100039,1;jinzuan_total:489200;jinzuan:-490
timestamp:1506061479248;module:8;type:2500;pk:0300000003000001;type2:3;wupin:100039,-1|110008,2|100008,4|100009,4|110003,3|110002,1|110036,1|110001,1|110007,11|110006,37;jinzuan_total:488710;jinzuan:-490
timestamp:1506061479648;module:8;type:2500;pk:0300000003000001;type2:3;wupin:110008,3|100008,2|100009,4|110003,2|110002,2|110001,5|110007,9|110006,38|100039,1;jinzuan_total:488210;jinzuan:-500
timestamp:1506061480019;module:8;type:2500;pk:0300000003000001;type2:3;wupin:100039,-1|110008,2|100008,5|100009,1|110003,3|110036,1|110001,6|110016,1|110007,9|110006,39|100039,1;jinzuan_total:487720;jinzuan:-490
timestamp:1506061480399;module:8;type:2500;pk:0300000003000001;type2:3;wupin:100039,-1|110008,3|100008,3|100009,2|110003,3|110002,2|110036,1|110001,6|110016,1|110007,11|110006,36;jinzuan_total:487230;jinzuan:-490
timestamp:1506061480799;module:8;type:2500;pk:0300000003000001;type2:3;wupin:110008,2|100009,1|110002,1|110001,5|110007,10|110006,38|100039,1;jinzuan_total:486730;jinzuan:-500
timestamp:1506061481199;module:8;type:2500;pk:0300000003000001;type2:3;wupin:100039,-1|110008,3|100008,3|100009,2|110003,2|110002,1|110001,9|110007,10|110006,37|100039,1;jinzuan_total:486240;jinzuan:-490
timestamp:1506061482319;action:JiaoXue;pk:0300000003000001;教学记录1:-1;教学记录2:-1;教学完成:-1
timestamp:1506061495884;module:17;type:1203;pk:0300000003000001;wupin:110006,-1050|240008,139|240002,121|240003,104|240004,121|240006,137|240007,137|240005,171|240001,120
timestamp:1506061496984;action:JiaoXue;pk:0300000003000001;教学记录1:-1;教学记录2:-1;教学完成:-1
timestamp:1506061507937;module:32;type:2603;pk:0300000003000001;wupin:240010,60|240001,-120
timestamp:1506061515408;action:JiaoXue;pk:0300000003000001;教学记录1:-1;教学记录2:-1;教学完成:-1
timestamp:1506061543615;module:17;type:1203;pk:0300000003000001;wupin:110007,-100|240013,12|240016,12|240011,11|240012,14|240015,13|240014,15|240010,12|240017,11
timestamp:1506061545555;action:JiaoXue;pk:0300000003000001;教学记录1:-1;教学记录2:-1;教学完成:-1
timestamp:1506061550926;action:JiaoXue;pk:0300000003000001;教学记录1:-1;教学记录2:-1;教学完成:-1
timestamp:1506061598041;action:JiaoXue;pk:0300000003000001;教学记录1:-1;教学记录2:-1;教学完成:-1
timestamp:1506061616997;module:57;type:4300;pk:0300000003000001;教学记录1:-1;教学记录2:-1;教学完成:13;totalDay:1;wupin:100004,20;tili_total:181;tili:100
timestamp:1506061618138;action:JiaoXue;pk:0300000003000001;教学记录1:-1;教学记录2:-1;教学完成:-1
timestamp:1506061622441;module:69;type:4201;pk:0300000003000001;type2:2;boxType:10;wupin:100007,35|100004,50;yinbi:100000;yinbi_total:3932000
timestamp:1506061624441;module:69;type:4201;pk:0300000003000001;type2:2;boxType:15;wupin:100014,1|100034,50;zuanshi_total:30;zuanshi:30
timestamp:1506061631482;action:js_logout;pk:0300000003000001;time:169
timestamp:1506061648286;action:login_last_info;pk:null;mac:00-00-00-00-00-00;idfa:00000000-0000-0000-0000-000000000000
timestamp:1506061648286;action:zh_create;pk:null;uid:be09663a-b5b9-4524-b2c9-a02d1048d757;agent:1000;zhanghao:test005;server:3000;idfa:00000000-0000-0000-0000-000000000000;mac:00-00-00-00-00-00;channel:1;ip:192.168.1.48
timestamp:1506061659366;action:js_create;pk:0300000003000002;zhanghao:be09663a-b5b9-4524-b2c9-a02d1048d757;mingchen:test005;zhiye:1
timestamp:1506061659367;action:js_login;pk:0300000003000002;time:1506061659;jsname:test005;nowagent:1000;nowchannel:1
timestamp:1506061659791;action:JiaoXue;pk:0300000003000002;教学记录1:8;教学记录2:0;教学完成:1
timestamp:1506061659923;action:JiaoXue;pk:0300000003000002;教学记录1:40;教学记录2:0;教学完成:2
timestamp:1506061659924;action:JiaoXue;pk:0300000003000002;教学记录1:104;教学记录2:0;教学开始:3
timestamp:1506061660241;action:JiaoXue;pk:0300000003000002;教学记录1:-1;教学记录2:-1;教学完成:-1
timestamp:1506061700703;module:12000;type:12000;pk:0300000003000002;教学记录1:-1;教学记录2:-1;教学开始:4;教学记录1:-1;教学记录2:-1;教学开始:6;教学记录1:-1;教学记录2:-1;教学开始:14;教学记录1:-1;教学记录2:-1;教学开始:108;教学记录1:-1;教学记录2:-1;教学开始:104;教学记录1:-1;教学记录2:-1;教学开始:111;教学记录1:-1;教学记录2:-1;教学开始:105;教学记录1:-1;教学记录2:-1;教学开始:112;extend:setintproperty:teamlevel-50|
timestamp:1506061785720;module:12000;type:12000;pk:0300000003000002;extend:setwupin:110001-200|;wupin:110001,200
timestamp:1506061791713;action:js_logout;pk:0300000003000002;time:132
timestamp:1506061794814;action:login_last_info;pk:null;mac:00-00-00-00-00-00;idfa:00000000-0000-0000-0000-000000000000
timestamp:1506061794819;action:js_login;pk:0300000003000002;time:3;jsname:test005;nowagent:1000;nowchannel:1
timestamp:1506061800000;action:online;pk:null;serid:3000;num:1
timestamp:1506061812006;module:56;type:1;pk:0300000003000002;tili_total:81;tili:1
timestamp:1506061835450;module:17;type:1203;pk:0300000003000002;wupin:110001,-19;yinbi:95000;yinbi_total:115000
timestamp:1506061848912;module:17;type:1203;pk:0300000003000002;wupin:110001,-19;yinbi:95000;yinbi_total:210000
timestamp:1506061876018;module:17;type:1203;pk:0300000003000002;wupin:110001,-17;yinbi:85000;yinbi_total:295000
timestamp:1506061878248;action:JiaoXue;pk:0300000003000002;教学记录1:-1;教学记录2:-1;教学完成:-1
timestamp:1506061890555;action:JiaoXue;pk:0300000003000002;教学记录1:-1;教学记录2:-1;教学完成:-1
timestamp:1506061900033;module:20;type:2103;pk:0300000003000002;type2:50;wupin:340024,u10000006|340004,u10000007|340010,u10000008|340010,u10000009|340018,u10000010|340008,u10000011|340023,u10000012|340029,u10000013|340007,u10000014|340009,u10000015|340002,u10000016|340011,u10000017;kadai_exp1_total:31;kadai_exp1:31;yinbi:-173000;kadai_exp3:3;yinbi_total:122000;kadai_exp2:4;kadai_exp3_total:3;kadai_exp2_total:4
timestamp:1506061903403;module:20;type:2103;pk:0300000003000002;type2:50;wupin:340063,u10000018|340011,u10000019|340009,u10000020|340020,u10000021|340013,u10000022|340006,u10000023|340022,u10000024|340010,u10000025;kadai_exp1_total:49;kadai_exp1:18;yinbi:-121000;kadai_exp3:3;yinbi_total:1000;kadai_exp2:5;kadai_exp3_total:6;kadai_exp2_total:9
timestamp:1506061906843;action:JiaoXue;pk:0300000003000002;教学记录1:-1;教学记录2:-1;教学完成:-1
timestamp:1506061911525;action:vipup;pk:0300000003000002;oldvip:0;newvip:5
timestamp:1506061911526;action:cz_rmb;pk:0300000003000002;jinzuan:0;zuanshi:6480;zuanshi_total:6480;jinzuan_total:6480;crz_huobi:6480
timestamp:1506061914493;module:23;type:3303;pk:0300000003000002;mailinfo:战队等级首充礼包;attach:yinbi_2000000%%100010_80%%100059_300%%100005_200%%100008_100|logtime:2017-09-22
timestamp:1506061914493;module:23;type:3303;pk:0300000003000002;mailinfo:充值钻石成功;attach:0|logtime:2017-09-22
timestamp:1506061915812;module:23;type:3302;pk:0300000003000002;mailinfo:战队等级首充礼包;attach:yinbi_2000000%%100010_80%%100059_300%%100005_200%%100008_100|logtime:2017-09-22
timestamp:1506061926277;module:8;type:2500;pk:0300000003000002;type2:3;wupin:110008,2|100008,4|100009,3|110003,3|110002,1|110001,10|110007,10|110006,38;zuanshi_total:5980;zuanshi:-500
timestamp:1506061927537;module:8;type:2500;pk:0300000003000002;type2:3;wupin:110008,3|100009,1|110003,1|110002,1|110036,1|110001,3|110016,1|110007,10|110006,37|100039,1;zuanshi_total:5480;zuanshi:-500
timestamp:1506061927977;module:8;type:2500;pk:0300000003000002;type2:3;wupin:100039,-1|110008,2|100008,8|100009,3|110003,4|110036,1|110002,1|110001,4|110016,1|110007,10|110006,38|100039,1;zuanshi_total:4990;zuanshi:-490
timestamp:1506061928377;module:8;type:2500;pk:0300000003000002;type2:3;wupin:100039,-1|110008,3|100008,2|100009,1|110003,2|110002,3|110001,5|110007,10|110006,37;zuanshi_total:4500;zuanshi:-490
timestamp:1506061928758;module:8;type:2500;pk:0300000003000002;type2:3;wupin:110008,2|100008,2|100009,2|110003,1|110002,2|110001,3|110007,11|110006,37|100039,1;zuanshi_total:4000;zuanshi:-500
timestamp:1506061929145;module:8;type:2500;pk:0300000003000002;type2:3;wupin:100039,-1|110008,3|100008,4|100009,6|110003,6|110002,3|110036,1|110001,5|110007,9|110006,38|100039,2;zuanshi_total:3510;zuanshi:-490
timestamp:1506061929505;module:8;type:2500;pk:0300000003000002;type2:3;wupin:100039,-2|110008,2|100008,3|100009,2|110003,2|110036,1|110002,4|110001,8|110007,11|110006,37;zuanshi_total:3030;zuanshi:-480
timestamp:1506061929885;module:8;type:2500;pk:0300000003000002;type2:3;wupin:110008,3|100008,2|100009,2|110003,2|110002,3|110001,6|110007,9|110006,38|100039,2;zuanshi_total:2530;zuanshi:-500
timestamp:1506061930445;module:8;type:2500;pk:0300000003000002;type2:3;wupin:100039,-2|110008,2|100008,5|100009,5|110003,3|110002,1|110001,5|110007,9|110006,39;zuanshi_total:2050;zuanshi:-480
timestamp:1506061930825;module:8;type:2500;pk:0300000003000002;type2:3;wupin:110008,3|100008,3|100009,4|110003,2|110036,1|110001,6|110016,1|110007,11|110006,36|100039,1;zuanshi_total:1550;zuanshi:-500
timestamp:1506061931245;module:8;type:2500;pk:0300000003000002;type2:3;wupin:100039,-1|110008,3|100008,6|100009,1|110003,4|110002,1|110001,4|110007,9|110006,38|100039,1;zuanshi_total:1060;zuanshi:-490
timestamp:1506061931625;module:8;type:2500;pk:0300000003000002;type2:3;wupin:100039,-1|110008,2|100008,2|100009,3|110003,4|110002,1|110036,1|110001,5|110016,1|110007,11|110006,37|100039,1;zuanshi_total:570;zuanshi:-490
timestamp:1506061932045;module:8;type:2500;pk:0300000003000002;type2:3;wupin:100039,-1|110008,2|100008,3|100009,2|110003,3|110002,3|110001,2|110007,9|110006,39;zuanshi_total:80;zuanshi:-490
timestamp:1506061932425;module:8;type:2500;pk:0300000003000002;type2:3;wupin:110008,3|100008,2|100009,4|110002,3|110001,5|110007,11|110006,36|100039,1;jinzuan_total:6060;zuanshi_total:0;zuanshi:-80;jinzuan:-420
timestamp:1506061932826;module:8;type:2500;pk:0300000003000002;type2:3;wupin:100039,-1|110008,2|100008,4|100009,3|110003,2|110036,1|110001,5|110007,11|110006,37|100039,1;jinzuan_total:5570;jinzuan:-490
timestamp:1506061933226;module:8;type:2500;pk:0300000003000002;type2:3;wupin:100039,-1|110008,3|100008,4|100009,2|110003,4|110002,1|110001,6|110016,1|110007,9|110006,38|100039,1;jinzuan_total:5080;jinzuan:-490
timestamp:1506061933626;module:8;type:2500;pk:0300000003000002;type2:3;wupin:100039,-1|110008,2|100008,3|110003,1|110002,1|110001,4|110016,1|110007,8|110006,40|100039,1;jinzuan_total:4590;jinzuan:-490
timestamp:1506061934026;module:8;type:2500;pk:0300000003000002;type2:3;wupin:100039,-1|110008,3|100008,4|100009,2|110003,2|110036,2|110002,2|110001,5|110007,12|110006,35|100039,1;jinzuan_total:4100;jinzuan:-490
timestamp:1506061934426;module:8;type:2500;pk:0300000003000002;type2:3;wupin:100039,-1|110008,3|100008,1|100009,2|110003,1|110002,2|110001,5|110007,9|110006,38;jinzuan_total:3610;jinzuan:-490
timestamp:1506061934806;module:8;type:2500;pk:0300000003000002;type2:3;wupin:110008,2|100008,2|100009,2|110003,2|110001,4|110016,1|110007,11|110006,37|100039,2;jinzuan_total:3110;jinzuan:-500
timestamp:1506061935206;module:8;type:2500;pk:0300000003000002;type2:3;wupin:100039,-2|110008,2|100008,4|100009,4|110003,5|110002,3|110036,1|110001,6|110007,10|110006,38|100039,2;jinzuan_total:2630;jinzuan:-480
timestamp:1506061935626;module:8;type:2500;pk:0300000003000002;type2:3;wupin:100039,-2|110008,3|100008,3|100009,3|110002,2|110001,3|110016,1|110007,10|110006,37;jinzuan_total:2150;jinzuan:-480
timestamp:1506061936166;module:8;type:2500;pk:0300000003000002;type2:3;wupin:110008,3|100008,4|100009,1|110003,2|110036,2|110001,4|110007,9|110006,38|100039,1;jinzuan_total:1650;jinzuan:-500
timestamp:1506061936626;module:8;type:2500;pk:0300000003000002;type2:3;wupin:100039,-1|110008,2|100008,5|100009,2|110003,3|110002,2|110001,7|110007,11|110006,37;jinzuan_total:1160;jinzuan:-490
timestamp:1506061937026;module:8;type:2500;pk:0300000003000002;type2:3;wupin:110008,2|100009,2|110003,3|110002,2|110001,5|110016,1|110007,9|110006,39;jinzuan_total:660;jinzuan:-500
timestamp:1506061937426;module:8;type:2500;pk:0300000003000002;type2:3;wupin:110008,3|100008,5|100009,2|110003,1|110002,1|110001,7|110007,11|110006,36;jinzuan_total:160;jinzuan:-500
timestamp:1506061939896;action:JiaoXue;pk:0300000003000002;教学记录1:-1;教学记录2:-1;教学完成:-1
timestamp:1506061945363;action:vipup;pk:0300000003000002;oldvip:5;newvip:6
timestamp:1506061945364;action:cz_rmb;pk:0300000003000002;jinzuan:0;zuanshi:2268;zuanshi_total:2268;jinzuan_total:6640;crz_huobi:6480
timestamp:1506061950303;module:8;type:2500;pk:0300000003000002;type2:3;wupin:110008,2|100008,4|100009,3|110003,4|110036,1|110001,6|110007,8|110006,40|100039,2;zuanshi_total:1768;zuanshi:-500
timestamp:1506061950703;module:8;type:2500;pk:0300000003000002;type2:3;wupin:100039,-2|110008,3|100008,5|100009,1|110003,1|110002,2|110001,2|110007,12|110006,35|100039,2;zuanshi_total:1288;zuanshi:-480
timestamp:1506061951063;module:8;type:2500;pk:0300000003000002;type2:3;wupin:100039,-2|110008,2|100008,1|100009,2|110003,1|110002,1|110001,2|110007,11|110006,37;zuanshi_total:808;zuanshi:-480
timestamp:1506061951563;module:8;type:2500;pk:0300000003000002;type2:3;wupin:110008,3|100008,4|100009,4|110003,5|110036,2|110002,2|110001,8|110007,9|110006,38;zuanshi_total:308;zuanshi:-500
timestamp:1506061951943;module:8;type:2500;pk:0300000003000002;type2:3;wupin:110008,2|100008,3|100009,2|110003,4|110036,1|110002,4|110001,2|110016,1|110007,10|110006,38|100039,2;jinzuan_total:6448;zuanshi_total:0;zuanshi:-308;jinzuan:-192
timestamp:1506061952303;module:8;type:2500;pk:0300000003000002;type2:3;wupin:100039,-2|110008,3|100008,3|100009,2|110003,2|110002,2|110001,9|110007,10|110006,37|100039,1;jinzuan_total:5968;jinzuan:-480
timestamp:1506061952663;module:8;type:2500;pk:0300000003000002;type2:3;wupin:100039,-1|110008,2|100008,2|100009,1|110002,2|110001,3|110016,1|110007,11|110006,37;jinzuan_total:5478;jinzuan:-490
timestamp:1506061953184;module:8;type:2500;pk:0300000003000002;type2:3;wupin:110008,3|100008,5|100009,1|110003,3|110002,2|110001,3|110007,9|110006,38|100039,2;jinzuan_total:4978;jinzuan:-500
timestamp:1506061953544;module:8;type:2500;pk:0300000003000002;type2:3;wupin:100039,-2|110008,3|100008,3|100009,3|110003,6|110001,4|110016,1|110007,10|110006,37;jinzuan_total:4498;jinzuan:-480
timestamp:1506061954114;module:8;type:2500;pk:0300000003000002;type2:3;wupin:110008,2|100008,2|100009,4|110003,1|110036,2|110002,2|110001,5|110007,10|110006,38|100039,1;jinzuan_total:3998;jinzuan:-500
timestamp:1506061954474;module:8;type:2500;pk:0300000003000002;type2:3;wupin:100039,-1|110008,2|100008,5|100009,3|110001,4|110016,1|110007,9|110006,39|100039,1;jinzuan_total:3508;jinzuan:-490
timestamp:1506061954854;module:8;type:2500;pk:0300000003000002;type2:3;wupin:100039,-1|110008,3|100008,1|100009,1|110003,2|110002,3|110001,4|110007,11|110006,36;jinzuan_total:3018;jinzuan:-490
timestamp:1506061955234;module:8;type:2500;pk:0300000003000002;type2:3;wupin:110008,3|100008,1|100009,5|110003,3|110036,1|110002,3|110001,5|110007,9|110006,38;jinzuan_total:2518;jinzuan:-500
timestamp:1506061955634;module:8;type:2500;pk:0300000003000002;type2:3;wupin:110008,2|100008,1|100009,2|110003,3|110036,1|110001,9|110007,11|110006,37|100039,1;jinzuan_total:2018;jinzuan:-500
timestamp:1506061956014;module:8;type:2500;pk:0300000003000002;type2:3;wupin:100039,-1|110008,3|100008,9|100009,2|110003,3|110002,1|110001,6|110007,9|110006,38|100039,2;jinzuan_total:1528;jinzuan:-490
timestamp:1506061956395;module:8;type:2500;pk:0300000003000002;type2:3;wupin:100039,-2|110008,2|100008,4|100009,1|110003,2|110002,2|110036,1|110001,6|110016,1|110007,11|110006,37|100039,1;jinzuan_total:1048;jinzuan:-480
timestamp:1506061956775;module:8;type:2500;pk:0300000003000002;type2:3;wupin:100039,-1|110008,2|100008,4|100009,4|110003,3|110002,1|110001,4|110007,9|110006,39;jinzuan_total:558;jinzuan:-490
timestamp:1506061957135;module:8;type:2500;pk:0300000003000002;type2:3;wupin:110008,3|100008,1|100009,2|110003,2|110002,4|110001,4|110007,11|110006,36;jinzuan_total:58;jinzuan:-500
timestamp:1506061959465;action:JiaoXue;pk:0300000003000002;教学记录1:-1;教学记录2:-1;教学完成:-1
timestamp:1506061971887;module:17;type:1203;pk:0300000003000002;wupin:110007,-200|240012,22|240017,25|240010,22|240016,26|240013,24|240015,27|240011,23|240014,31
timestamp:1506061973928;action:JiaoXue;pk:0300000003000002;教学记录1:-1;教学记录2:-1;教学完成:-1
timestamp:1506061991764;module:32;type:2603;pk:0300000003000002;wupin:240019,1|240010,-2
timestamp:1506061995894;module:32;type:2603;pk:0300000003000002;wupin:240019,10|240010,-20
timestamp:1506061998584;module:32;type:2603;pk:0300000003000002;wupin:240028,1|240019,-2
timestamp:1506062000045;module:32;type:2603;pk:0300000003000002;wupin:240028,4|240019,-8
timestamp:1506062002225;module:32;type:2603;pk:0300000003000002;wupin:240020,11|240011,-22
timestamp:1506062004645;action:JiaoXue;pk:0300000003000002;教学记录1:-1;教学记录2:-1;教学完成:-1
timestamp:1506062010275;module:17;type:1203;pk:0300000003000002;wupin:110007,-240|240011,28|240017,32|240014,38|240016,33|240010,29|240012,23|240013,27|240015,30
timestamp:1506062012406;action:JiaoXue;pk:0300000003000002;教学记录1:-1;教学记录2:-1;教学完成:-1
timestamp:1506062018857;action:JiaoXue;pk:0300000003000002;教学记录1:-1;教学记录2:-1;教学完成:-1
timestamp:1506062022518;action:JiaoXue;pk:0300000003000002;教学记录1:-1;教学记录2:-1;教学完成:-1
timestamp:1506062033131;module:32;type:2603;pk:0300000003000002;wupin:240019,14|240010,-28
timestamp:1506062043064;module:32;type:2603;pk:0300000003000002;wupin:240020,14|240011,-28
timestamp:1506062046304;action:JiaoXue;pk:0300000003000002;教学记录1:-1;教学记录2:-1;教学完成:-1
timestamp:1506062050178;module:17;type:1203;pk:0300000003000002;wupin:110006,-1650|240002,190|240001,189|240004,190|240006,218|240005,270|240008,217|240003,161|240007,215
timestamp:1506062051831;action:JiaoXue;pk:0300000003000002;教学记录1:-1;教学记录2:-1;教学完成:-1
timestamp:1506062062777;module:32;type:2603;pk:0300000003000002;wupin:240010,94|240001,-188
timestamp:1506062073730;module:32;type:2603;pk:0300000003000002;wupin:240011,95|240002,-190
timestamp:1506062080840;action:JiaoXue;pk:0300000003000002;教学记录1:-1;教学记录2:-1;教学完成:-1
timestamp:1506062089612;action:js_logout;pk:0300000003000002;time:295
